<?xml version="1.0" encoding="UTF-8"?>
<!-- Generated by org.testng.reporters.JUnitReportReporter -->
<testsuite hostname="DESKTOP-EVNKM3L" failures="0" tests="1" name="com.Practice.LogintoFacebook" time="9.690" errors="0" timestamp="06 May 2022 04:53:58 GMT" skipped="0">
  <testcase classname="com.Practice.LogintoFacebook" name="loginToFacebook" time="9.690"/>
</testsuite> <!-- com.Practice.LogintoFacebook -->
