<?xml version="1.0" encoding="UTF-8"?>
<!-- Generated by org.testng.reporters.JUnitReportReporter -->
<testsuite hostname="DESKTOP-EVNKM3L" failures="0" tests="1" name="com.Practice.LogintoVTiger" time="9.123" errors="0" timestamp="06 May 2022 04:52:43 GMT" skipped="0">
  <testcase classname="com.Practice.LogintoVTiger" name="loginToVTiger" time="9.123"/>
</testsuite> <!-- com.Practice.LogintoVTiger -->
